mode: set
recycle/features/detail_pickup/usecase/usecase.go:22.218,30.2 1 1
recycle/features/detail_pickup/usecase/usecase.go:33.72,34.30 1 1
recycle/features/detail_pickup/usecase/usecase.go:34.30,36.25 2 1
recycle/features/detail_pickup/usecase/usecase.go:36.25,38.4 1 1
recycle/features/detail_pickup/usecase/usecase.go:42.2,43.16 2 1
recycle/features/detail_pickup/usecase/usecase.go:43.16,45.3 1 1
recycle/features/detail_pickup/usecase/usecase.go:46.2,53.30 5 0
recycle/features/detail_pickup/usecase/usecase.go:53.30,56.14 3 0
recycle/features/detail_pickup/usecase/usecase.go:56.14,58.18 2 0
recycle/features/detail_pickup/usecase/usecase.go:58.18,60.5 1 0
recycle/features/detail_pickup/usecase/usecase.go:61.4,61.36 1 0
recycle/features/detail_pickup/usecase/usecase.go:65.3,65.30 1 0
recycle/features/detail_pickup/usecase/usecase.go:65.30,67.4 1 0
recycle/features/detail_pickup/usecase/usecase.go:70.3,71.17 2 0
recycle/features/detail_pickup/usecase/usecase.go:71.17,73.4 1 0
recycle/features/detail_pickup/usecase/usecase.go:75.3,80.23 5 0
recycle/features/detail_pickup/usecase/usecase.go:80.23,82.4 1 0
recycle/features/detail_pickup/usecase/usecase.go:84.3,84.42 1 0
recycle/features/detail_pickup/usecase/usecase.go:86.2,88.37 2 0
recycle/features/detail_pickup/usecase/usecase.go:88.37,90.29 2 0
recycle/features/detail_pickup/usecase/usecase.go:90.29,92.4 1 0
recycle/features/detail_pickup/usecase/usecase.go:96.2,96.39 1 0
recycle/features/detail_pickup/usecase/usecase.go:96.39,100.17 3 0
recycle/features/detail_pickup/usecase/usecase.go:100.17,102.4 1 0
recycle/features/detail_pickup/usecase/usecase.go:105.3,108.27 3 0
recycle/features/detail_pickup/usecase/usecase.go:108.27,110.4 1 0
recycle/features/detail_pickup/usecase/usecase.go:114.2,114.42 1 0
recycle/features/detail_pickup/usecase/usecase.go:114.42,116.3 1 0
recycle/features/detail_pickup/usecase/usecase.go:118.2,118.29 1 0
recycle/features/detail_pickup/usecase/usecase.go:123.77,125.16 2 1
recycle/features/detail_pickup/usecase/usecase.go:125.16,127.3 1 1
recycle/features/detail_pickup/usecase/usecase.go:128.2,128.26 1 1
